<?xml version="1.0" encoding="UTF-8"?><testsuite errors="0" failures="0" name="com.bestbuy.bestbuyinfo.CatrgoriesCURDTest" skipped="0" tests="5" time="5.57" timestamp="2021-07-21T23:29:29.937+01:00[Europe/London]"><testcase classname="com.bestbuy.bestbuyinfo.CatrgoriesCURDTest" name="This will get a Categories list"/><testcase classname="com.bestbuy.bestbuyinfo.CatrgoriesCURDTest" name="This will create a new categories"/><testcase classname="com.bestbuy.bestbuyinfo.CatrgoriesCURDTest" name="This will get Categories by id"/><testcase classname="com.bestbuy.bestbuyinfo.CatrgoriesCURDTest" name="This test will update the categories  by existing id"/><testcase classname="com.bestbuy.bestbuyinfo.CatrgoriesCURDTest" name="This will delete a new categories"/></testsuite>