<?xml version="1.0" encoding="UTF-8"?><testsuite errors="0" failures="0" name="com.bestbuy.bestbuyinfo.ProductCURDTest" skipped="0" tests="5" time="1.19" timestamp="2021-07-21T23:29:37.933+01:00[Europe/London]"><testcase classname="com.bestbuy.bestbuyinfo.ProductCURDTest" name="This will get a products list"/><testcase classname="com.bestbuy.bestbuyinfo.ProductCURDTest" name="This will create a new products"/><testcase classname="com.bestbuy.bestbuyinfo.ProductCURDTest" name="This will get products by id"/><testcase classname="com.bestbuy.bestbuyinfo.ProductCURDTest" name="This test will update the product  by existing id"/><testcase classname="com.bestbuy.bestbuyinfo.ProductCURDTest" name="This will delete a new products"/></testsuite>