<?xml version="1.0" encoding="UTF-8"?><testsuite errors="0" failures="0" name="com.bestbuy.bestbuyinfo.ServicesCURDTest" skipped="0" tests="5" time="0.34" timestamp="2021-07-21T23:29:39.226+01:00[Europe/London]"><testcase classname="com.bestbuy.bestbuyinfo.ServicesCURDTest" name="This will get a Services list"/><testcase classname="com.bestbuy.bestbuyinfo.ServicesCURDTest" name="This will create a new services"/><testcase classname="com.bestbuy.bestbuyinfo.ServicesCURDTest" name="This will get services by id"/><testcase classname="com.bestbuy.bestbuyinfo.ServicesCURDTest" name="This test will update the services  by existing id"/><testcase classname="com.bestbuy.bestbuyinfo.ServicesCURDTest" name="This will delete a new services"/></testsuite>